{"/Users/lucasirvine/projects/typescript-utility-starter/src/MainComponent/MainComponent.ts": {"path":"/Users/lucasirvine/projects/typescript-utility-starter/src/MainComponent/MainComponent.ts","statementMap":{"0":{"start":{"line":1,"column":22},"end":{"line":1,"column":47}},"1":{"start":{"line":1,"column":39},"end":{"line":1,"column":53}},"2":{"start":{"line":3,"column":0},"end":{"line":3,"column":29}}},"fnMap":{"0":{"name":"(anonymous_0)","decl":{"start":{"line":1,"column":22},"end":{"line":1,"column":23}},"loc":{"start":{"line":1,"column":34},"end":{"line":1,"column":47}}}},"branchMap":{},"s":{"0":1,"1":1,"2":1},"f":{"0":1},"b":{}}
,"/Users/lucasirvine/projects/typescript-utility-starter/src/MainComponent/index.ts": {"path":"/Users/lucasirvine/projects/typescript-utility-starter/src/MainComponent/index.ts","statementMap":{"0":{"start":{"line":1,"column":0},"end":{"line":1,"column":44}},"1":{"start":{"line":3,"column":0},"end":{"line":3,"column":29}}},"fnMap":{},"branchMap":{},"s":{"0":1,"1":1},"f":{},"b":{}}
,"/Users/lucasirvine/projects/typescript-utility-starter/src/constants/mainComponent.ts": {"path":"/Users/lucasirvine/projects/typescript-utility-starter/src/constants/mainComponent.ts","statementMap":{"0":{"start":{"line":1,"column":13},"end":{"line":1,"column":31}}},"fnMap":{},"branchMap":{},"s":{"0":1},"f":{},"b":{}}
,"/Users/lucasirvine/projects/typescript-utility-starter/src/utils/mainComponent.ts": {"path":"/Users/lucasirvine/projects/typescript-utility-starter/src/utils/mainComponent.ts","statementMap":{"0":{"start":{"line":1,"column":24},"end":{"line":1,"column":47}},"1":{"start":{"line":1,"column":30},"end":{"line":1,"column":48}},"2":{"start":{"line":1,"column":13},"end":{"line":1,"column":24}}},"fnMap":{"0":{"name":"(anonymous_0)","decl":{"start":{"line":1,"column":24},"end":{"line":1,"column":30}},"loc":{"start":{"line":1,"column":24},"end":{"line":1,"column":47}}}},"branchMap":{},"s":{"0":1,"1":1,"2":1},"f":{"0":1},"b":{}}
}
